<?xml version="1.0" encoding="UTF-8"?>
<!-- Generated by org.testng.reporters.JUnitReportReporter -->
<testsuite hostname="DESKTOP-MP8OG4E" failures="0" tests="1" name="Source.BaseClass" time="0.006" errors="0" timestamp="05 Jul 2020 02:59:05 GMT" skipped="0">
  <testcase classname="Source.BaseClass" name="login" time="0.006"/>
</testsuite> <!-- Source.BaseClass -->
