<?xml version="1.0" encoding="UTF-8"?>
<!-- Generated by org.testng.reporters.JUnitReportReporter -->
<testsuite hostname="DESKTOP-MP8OG4E" failures="0" tests="1" name="tests.BaseClass" time="0.005" errors="0" timestamp="04 Jul 2020 21:59:44 GMT" skipped="0">
  <testcase classname="tests.BaseClass" name="login" time="0.005"/>
</testsuite> <!-- tests.BaseClass -->
